#
# There is insufficient memory for the Java Runtime Environment to continue.
# Native memory allocation (mmap) failed to map 402653184 bytes for Failed to commit area from 0x0000000681000000 to 0x0000000699000000 of length 402653184.
# Possible reasons:
#   The system is out of physical RAM or swap space
#   The process is running with CompressedOops enabled, and the Java Heap may be blocking the growth of the native heap
# Possible solutions:
#   Reduce memory load on the system
#   Increase physical memory or swap space
#   Check if swap backing store is full
#   Decrease Java heap size (-Xmx/-Xms)
#   Decrease number of Java threads
#   Decrease Java thread stack sizes (-Xss)
#   Set larger code cache with -XX:ReservedCodeCacheSize=
# This output file may be truncated or incomplete.
#
#  Out of Memory Error (./src/hotspot/os/windows/os_windows.cpp:3511), pid=38544, tid=15404
#
# JRE version:  (11.0.11+9) (build )
# Java VM: OpenJDK 64-Bit Server VM (11.0.11+9-b1504.16, mixed mode, sharing, tiered, compressed oops, g1 gc, windows-amd64)
# No core dump will be written. Minidumps are not enabled by default on client versions of Windows
#

---------------  S U M M A R Y ------------

Command Line: -Duser.language=en -Dfile.encoding=UTF-8 git4idea.http.GitAskPassApp Username for 'https://github.com': 

Host: Intel(R) Core(TM) i7-9700K CPU @ 3.60GHz, 8 cores, 23G,  Windows 10 , 64 bit Build 19041 (10.0.19041.1466)
Time: Thu Jan 27 11:39:42 2022 中国标准时间 elapsed time: 0.013877 seconds (0d 0h 0m 0s)

---------------  T H R E A D  ---------------

Current thread (0x0000012e3f05f800):  JavaThread "Unknown thread" [_thread_in_vm, id=15404, stack(0x0000001d9e500000,0x0000001d9e600000)]

Stack: [0x0000001d9e500000,0x0000001d9e600000]
Native frames: (J=compiled Java code, j=interpreted, Vv=VM code, C=native code)
V  [jvm.dll+0x5f5d5a]
V  [jvm.dll+0x7798b5]
V  [jvm.dll+0x77aecd]
V  [jvm.dll+0x77b583]
V  [jvm.dll+0x244978]
V  [jvm.dll+0x5f3174]
V  [jvm.dll+0x5e7d55]
V  [jvm.dll+0x30068b]
V  [jvm.dll+0x3005fa]
V  [jvm.dll+0x3004d2]
V  [jvm.dll+0x3053c6]
V  [jvm.dll+0x34e0a3]
V  [jvm.dll+0x34e7a6]
V  [jvm.dll+0x34e1a3]
V  [jvm.dll+0x2db0c8]
V  [jvm.dll+0x2dc267]
V  [jvm.dll+0x758057]
V  [jvm.dll+0x75984c]
V  [jvm.dll+0x35b659]
V  [jvm.dll+0x73b67e]
V  [jvm.dll+0x3c39f3]
V  [jvm.dll+0x3c5dd1]
C  [jli.dll+0x5373]
C  [ucrtbase.dll+0x21bb2]
C  [KERNEL32.DLL+0x17034]
C  [ntdll.dll+0x52651]


---------------  P R O C E S S  ---------------

Threads class SMR info:
_java_thread_list=0x0000012e3ede4ea0, length=0, elements={
}

Java Threads: ( => current thread )

Other Threads:
  0x0000012e3f079000 GCTaskThread "GC Thread#0" [stack: 0x0000001d9e600000,0x0000001d9e700000] [id=33540]
  0x0000012e3f103000 ConcurrentGCThread "G1 Main Marker" [stack: 0x0000001d9e700000,0x0000001d9e800000] [id=26992]
  0x0000012e3f105000 ConcurrentGCThread "G1 Conc#0" [stack: 0x0000001d9e800000,0x0000001d9e900000] [id=44884]

[error occurred during error reporting (printing all threads), id 0xc0000005, EXCEPTION_ACCESS_VIOLATION (0xc0000005) at pc=0x00007ffe7507b8f7]

VM state:not at safepoint (not fully initialized)

VM Mutex/Monitor currently owned by a thread:  ([mutex/lock_event])
[0x0000012e3f05cf30] Heap_lock - owner thread: 0x0000012e3f05f800

Heap address: 0x0000000681000000, size: 6128 MB, Compressed Oops mode: Non-zero based: 0x0000000681000000
Narrow klass base: 0x0000000000000000, Narrow klass shift: 0

GC Heap History (0 events):
No events

Deoptimization events (0 events):
No events

Classes redefined (0 events):
No events

Internal exceptions (0 events):
No events

Events (1 events):
Event: 0.004 Loaded shared library D:\Program Files\JetBrains\IntelliJ IDEA 2021.2.1\jbr\bin\zip.dll


Dynamic libraries:
0x00007ff711a10000 - 0x00007ff711a1a000 	D:\Program Files\JetBrains\IntelliJ IDEA 2021.2.1\jbr\bin\java.exe
0x00007ffeeecf0000 - 0x00007ffeeeee5000 	C:\Windows\SYSTEM32\ntdll.dll
0x00007ffeeebf0000 - 0x00007ffeeecae000 	C:\Windows\System32\KERNEL32.DLL
0x00007ffeec710000 - 0x00007ffeec9d8000 	C:\Windows\System32\KERNELBASE.dll
0x00007ffeecc30000 - 0x00007ffeecd30000 	C:\Windows\System32\ucrtbase.dll
0x00007ffec8860000 - 0x00007ffec8877000 	D:\Program Files\JetBrains\IntelliJ IDEA 2021.2.1\jbr\bin\VCRUNTIME140.dll
0x00007ffec80f0000 - 0x00007ffec8109000 	D:\Program Files\JetBrains\IntelliJ IDEA 2021.2.1\jbr\bin\jli.dll
0x00007ffeed130000 - 0x00007ffeed2d1000 	C:\Windows\System32\USER32.dll
0x00007ffee0660000 - 0x00007ffee08fa000 	C:\Windows\WinSxS\amd64_microsoft.windows.common-controls_6595b64144ccf1df_6.0.19041.1110_none_60b5254171f9507e\COMCTL32.dll
0x00007ffeec5f0000 - 0x00007ffeec612000 	C:\Windows\System32\win32u.dll
0x00007ffeedbc0000 - 0x00007ffeedc5e000 	C:\Windows\System32\msvcrt.dll
0x00007ffeedb90000 - 0x00007ffeedbbb000 	C:\Windows\System32\GDI32.dll
0x00007ffeecb20000 - 0x00007ffeecc2d000 	C:\Windows\System32\gdi32full.dll
0x00007ffeec670000 - 0x00007ffeec70d000 	C:\Windows\System32\msvcp_win.dll
0x00007ffeee3c0000 - 0x00007ffeee3f0000 	C:\Windows\System32\IMM32.DLL
0x00007ffeb5eb0000 - 0x00007ffeb5f4d000 	D:\Program Files\JetBrains\IntelliJ IDEA 2021.2.1\jbr\bin\msvcp140.dll
0x00007ffe74d90000 - 0x00007ffe758da000 	D:\Program Files\JetBrains\IntelliJ IDEA 2021.2.1\jbr\bin\server\jvm.dll
0x00007ffeed080000 - 0x00007ffeed12e000 	C:\Windows\System32\ADVAPI32.dll
0x00007ffeee500000 - 0x00007ffeee59c000 	C:\Windows\System32\sechost.dll
0x00007ffeeeac0000 - 0x00007ffeeebe5000 	C:\Windows\System32\RPCRT4.dll
0x00007ffeed560000 - 0x00007ffeed568000 	C:\Windows\System32\PSAPI.DLL
0x00007ffed9d00000 - 0x00007ffed9d09000 	C:\Windows\SYSTEM32\WSOCK32.dll
0x00007ffee17f0000 - 0x00007ffee1817000 	C:\Windows\SYSTEM32\WINMM.dll
0x00007ffee6a90000 - 0x00007ffee6a9a000 	C:\Windows\SYSTEM32\VERSION.dll
0x00007ffeeea50000 - 0x00007ffeeeabb000 	C:\Windows\System32\WS2_32.dll
0x00007ffeeacd0000 - 0x00007ffeeace2000 	C:\Windows\SYSTEM32\kernel.appcore.dll
0x00007ffed8310000 - 0x00007ffed8321000 	D:\Program Files\JetBrains\IntelliJ IDEA 2021.2.1\jbr\bin\verify.dll
0x00007ffeea050000 - 0x00007ffeea234000 	C:\Windows\SYSTEM32\DBGHELP.DLL
0x00007ffed7110000 - 0x00007ffed713c000 	C:\Windows\SYSTEM32\dbgcore.DLL
0x00007ffeec400000 - 0x00007ffeec482000 	C:\Windows\System32\bcryptPrimitives.dll
0x00007ffed82e0000 - 0x00007ffed8309000 	D:\Program Files\JetBrains\IntelliJ IDEA 2021.2.1\jbr\bin\java.dll
0x00007ffedad20000 - 0x00007ffedad2b000 	D:\Program Files\JetBrains\IntelliJ IDEA 2021.2.1\jbr\bin\jimage.dll
0x00007ffed82c0000 - 0x00007ffed82d8000 	D:\Program Files\JetBrains\IntelliJ IDEA 2021.2.1\jbr\bin\zip.dll

dbghelp: loaded successfully - version: 4.0.5 - missing functions: none
symbol engine: initialized successfully - sym options: 0x614 - pdb path: .;D:\Program Files\JetBrains\IntelliJ IDEA 2021.2.1\jbr\bin;C:\Windows\SYSTEM32;C:\Windows\WinSxS\amd64_microsoft.windows.common-controls_6595b64144ccf1df_6.0.19041.1110_none_60b5254171f9507e;D:\Program Files\JetBrains\IntelliJ IDEA 2021.2.1\jbr\bin\server

VM Arguments:
jvm_args: -Duser.language=en -Dfile.encoding=UTF-8 
java_command: git4idea.http.GitAskPassApp Username for 'https://github.com': 
java_class_path (initial): D:/Program Files/JetBrains/IntelliJ IDEA 2021.2.1/plugins/git4idea/lib/git4idea-rt.jar;D:/Program Files/JetBrains/IntelliJ IDEA 2021.2.1/lib/3rd-party.jar
Launcher Type: SUN_STANDARD

[Global flags]
     intx CICompilerCount                          = 4                                         {product} {ergonomic}
     uint ConcGCThreads                            = 2                                         {product} {ergonomic}
     uint G1ConcRefinementThreads                  = 8                                         {product} {ergonomic}
   size_t G1HeapRegionSize                         = 1048576                                   {product} {ergonomic}
    uintx GCDrainStackTargetSize                   = 64                                        {product} {ergonomic}
   size_t InitialHeapSize                          = 402653184                                 {product} {ergonomic}
   size_t MarkStackSize                            = 4194304                                   {product} {ergonomic}
   size_t MaxHeapSize                              = 6425673728                                {product} {ergonomic}
   size_t MinHeapDeltaBytes                        = 1048576                                   {product} {ergonomic}
    uintx NonNMethodCodeHeapSize                   = 5836300                                {pd product} {ergonomic}
    uintx NonProfiledCodeHeapSize                  = 122910970                              {pd product} {ergonomic}
    uintx ProfiledCodeHeapSize                     = 122910970                              {pd product} {ergonomic}
    uintx ReservedCodeCacheSize                    = 251658240                              {pd product} {ergonomic}
     bool SegmentedCodeCache                       = true                                      {product} {ergonomic}
     bool UseCompressedClassPointers               = true                                 {lp64_product} {ergonomic}
     bool UseCompressedOops                        = true                                 {lp64_product} {ergonomic}
     bool UseG1GC                                  = true                                      {product} {ergonomic}
     bool UseLargePagesIndividualAllocation        = false                                  {pd product} {ergonomic}

Logging:
Log output configuration:
 #0: stdout all=warning uptime,level,tags
 #1: stderr all=off uptime,level,tags

Environment Variables:
JAVA_HOME=C:\Program Files\Java\jdk1.8.0_301
JAVA_TOOL_OPTIONS=-Duser.language=en -Dfile.encoding=UTF-8
CLASSPATH=.;C:\Program Files\Java\jdk1.8.0_301\bin;C:\Program Files\Java\jdk1.8.0_301\lib\dt.jar;C:\Program Files\Java\jdk1.8.0_301\lib\tools.jar
PATH=D:\Program Files\Git\mingw64\libexec\git-core;D:\Program Files\Git\mingw64\libexec\git-core;D:\Program Files\Git\mingw64\bin;D:\Program Files\Git\usr\bin;C:\Windows\system32\config\systemprofile\bin;C:\Program Files\Common Files\Oracle\Java\javapath;C:\Program Files (x86)\Common Files\Oracle\Java\javapath;D:\Program Files\Python39\Scripts;D:\Program Files\Python39;C:\Windows\system32;C:\Windows;C:\Windows\System32\Wbem;C:\Windows\System32\WindowsPowerShell\v1.0;C:\Windows\System32\OpenSSH;C:\Program Files (x86)\NVIDIA Corporation\PhysX\Common;C:\Program Files\NVIDIA Corporation\NVIDIA NvDLISR;D:\Program Files\Git\cmd;D:\Program Files\Tesseract-OCR;D:\Program Files\Gource\cmd;D:\Program Files\MiKTeX\miktex\bin\x64;C:\Program Files (x86)\NetSarang\Xshell 7;C:\Program Files (x86)\NetSarang\Xftp 7;C:\Program Files\CMake\bin;C:\Program Files\Git\usr\bin;C:\Users\shBLOCK\AppData\Local\activestate\cache\bin;C:\Users\shBLOCK\AppData\Local\ActiveState\StateTool\release;C:\Users\shBLOCK\AppData\Local\Microsoft\WindowsApps;D:\Program Files\JetBrains\IntelliJ IDEA Community Edition 2020.1.3\bin;D:\Users\shBLOCK\AppData\Local\Programs\Fiddler;C:\Users\shBLOCK\AppData\Local\atom\bin;D:\Program Files\Tesseract-OCR;C:\Program Files\Java\jdk1.8.0_301\bin;D:\Users\shBLOCK\AppData\Local\Programs\Microsoft VS Code\bin;D:\Program Files\JetBrains\IntelliJ IDEA Community Edition 2021.2.1\bin;D:\Program Files\JetBrains\IntelliJ IDEA 2021.2.1\bin
USERNAME=shBLOCK
DISPLAY=:0.0
LC_ALL=en_US.UTF-8
OS=Windows_NT
PROCESSOR_IDENTIFIER=Intel64 Family 6 Model 158 Stepping 13, GenuineIntel



---------------  S Y S T E M  ---------------

OS: Windows 10 , 64 bit Build 19041 (10.0.19041.1466)
OS uptime: 7 days 21:09 hours

CPU:total 8 (initial active 8) (8 cores per cpu, 1 threads per core) family 6 model 158 stepping 13 microcode 0xca, cmov, cx8, fxsr, mmx, sse, sse2, sse3, ssse3, sse4.1, sse4.2, popcnt, avx, avx2, aes, clmul, erms, 3dnowpref, lzcnt, tsc, tscinvbit, bmi1, bmi2, adx, fma

Memory: 4k page, system-wide physical 24510M (1223M free)
TotalPageFile size 57278M (AvailPageFile size 363M)
current process WorkingSet (physical memory assigned to process): 10M, peak: 10M
current process commit charge ("private bytes"): 61M, peak: 445M

vm_info: OpenJDK 64-Bit Server VM (11.0.11+9-b1504.16) for windows-amd64 JRE (11.0.11+9-b1504.16), built on Aug  9 2021 01:34:19 by "" with MS VC++ 14.0 (VS2015)

END.
